2019-07-17 19:05:41,457 INFO: Hermes startup [in /Users/LarryBliss/PycharmProjects/Hermes_Prediction/app/__init__.py:115]
2019-07-17 19:06:01,713 INFO: Hermes startup [in /Users/LarryBliss/PycharmProjects/Hermes_Prediction/app/__init__.py:115]
2019-07-17 19:06:43,512 INFO: Hermes startup [in /Users/LarryBliss/PycharmProjects/Hermes_Prediction/app/__init__.py:115]
2019-07-18 14:08:10,530 INFO: Hermes startup [in /Users/LarryBliss/PycharmProjects/Hermes_Prediction/app/__init__.py:115]
2019-07-18 14:11:09,076 INFO: Hermes startup [in /Users/LarryBliss/PycharmProjects/Hermes_Prediction/app/__init__.py:115]
2019-07-18 14:11:30,733 INFO: Hermes startup [in /Users/LarryBliss/PycharmProjects/Hermes_Prediction/app/__init__.py:115]
2019-07-18 14:12:03,944 INFO: Hermes startup [in /Users/LarryBliss/PycharmProjects/Hermes_Prediction/app/__init__.py:115]
2019-07-18 14:12:41,948 INFO: Hermes startup [in /Users/LarryBliss/PycharmProjects/Hermes_Prediction/app/__init__.py:115]
2019-07-18 14:12:54,580 INFO: Hermes startup [in /Users/LarryBliss/PycharmProjects/Hermes_Prediction/app/__init__.py:115]
2019-07-18 14:19:01,333 INFO: Hermes startup [in /Users/LarryBliss/PycharmProjects/Hermes_Prediction/app/__init__.py:115]
2019-07-18 14:19:36,002 INFO: Hermes startup [in /Users/LarryBliss/PycharmProjects/Hermes_Prediction/app/__init__.py:115]
2019-07-18 14:20:07,815 INFO: Hermes startup [in /Users/LarryBliss/PycharmProjects/Hermes_Prediction/app/__init__.py:115]
2019-07-18 14:22:14,316 INFO: Hermes startup [in /Users/LarryBliss/PycharmProjects/Hermes_Prediction/app/__init__.py:115]
2019-07-18 14:23:26,421 INFO: Hermes startup [in /Users/LarryBliss/PycharmProjects/Hermes_Prediction/app/__init__.py:115]
2019-07-18 14:28:09,983 INFO: Hermes startup [in /Users/LarryBliss/PycharmProjects/Hermes_Prediction/app/__init__.py:115]
2019-07-18 14:49:25,211 INFO: Hermes startup [in /Users/LarryBliss/PycharmProjects/Hermes_Prediction/app/__init__.py:115]
2019-07-18 14:56:28,192 INFO: Hermes startup [in /Users/LarryBliss/PycharmProjects/Hermes_Prediction/app/__init__.py:115]
2019-07-18 14:56:46,480 INFO: Hermes startup [in /Users/LarryBliss/PycharmProjects/Hermes_Prediction/app/__init__.py:115]
2019-07-18 14:57:28,616 INFO: Hermes startup [in /Users/LarryBliss/PycharmProjects/Hermes_Prediction/app/__init__.py:115]
2019-07-18 14:59:31,701 INFO: Hermes startup [in /Users/LarryBliss/PycharmProjects/Hermes_Prediction/app/__init__.py:115]
2019-07-18 23:20:25,579 INFO: Hermes startup [in /Users/LarryBliss/PycharmProjects/Hermes_Prediction/app/__init__.py:115]
2019-07-18 23:20:40,661 INFO: Hermes startup [in /Users/LarryBliss/PycharmProjects/Hermes_Prediction/app/__init__.py:115]
2019-07-18 23:21:02,519 INFO: Hermes startup [in /Users/LarryBliss/PycharmProjects/Hermes_Prediction/app/__init__.py:115]
2019-07-18 23:21:49,371 INFO: Hermes startup [in /Users/LarryBliss/PycharmProjects/Hermes_Prediction/app/__init__.py:115]
2019-07-19 19:00:24,558 INFO: Hermes startup [in /Users/LarryBliss/PycharmProjects/Hermes_Prediction/app/__init__.py:115]
2019-07-19 19:01:17,956 ERROR: Exception on /index/submission/4b73813c67efa7b6440b511d6ced7a4f4668 [GET] [in /anaconda3/lib/python3.6/site-packages/flask/app.py:1560]
Traceback (most recent call last):
  File "/anaconda3/lib/python3.6/site-packages/flask/app.py", line 1982, in wsgi_app
    response = self.full_dispatch_request()
  File "/anaconda3/lib/python3.6/site-packages/flask/app.py", line 1614, in full_dispatch_request
    rv = self.handle_user_exception(e)
  File "/anaconda3/lib/python3.6/site-packages/flask/app.py", line 1517, in handle_user_exception
    reraise(exc_type, exc_value, tb)
  File "/anaconda3/lib/python3.6/site-packages/flask/_compat.py", line 33, in reraise
    raise value
  File "/anaconda3/lib/python3.6/site-packages/flask/app.py", line 1612, in full_dispatch_request
    rv = self.dispatch_request()
  File "/anaconda3/lib/python3.6/site-packages/flask/app.py", line 1598, in dispatch_request
    return self.view_functions[rule.endpoint](**req.view_args)
  File "/anaconda3/lib/python3.6/site-packages/flask_login/utils.py", line 261, in decorated_view
    return func(*args, **kwargs)
  File "/Users/LarryBliss/PycharmProjects/Hermes_Prediction/app/main/routes.py", line 132, in specific_submission
    return render_template("prediction.html", title='Submission')
  File "/anaconda3/lib/python3.6/site-packages/flask/templating.py", line 133, in render_template
    return _render(ctx.app.jinja_env.get_or_select_template(template_name_or_list),
  File "/anaconda3/lib/python3.6/site-packages/jinja2/environment.py", line 869, in get_or_select_template
    return self.get_template(template_name_or_list, parent, globals)
  File "/anaconda3/lib/python3.6/site-packages/jinja2/environment.py", line 830, in get_template
    return self._load_template(name, self.make_globals(globals))
  File "/anaconda3/lib/python3.6/site-packages/jinja2/environment.py", line 804, in _load_template
    template = self.loader.load(self, name, globals)
  File "/anaconda3/lib/python3.6/site-packages/jinja2/loaders.py", line 113, in load
    source, filename, uptodate = self.get_source(environment, name)
  File "/anaconda3/lib/python3.6/site-packages/flask/templating.py", line 57, in get_source
    return self._get_source_fast(environment, template)
  File "/anaconda3/lib/python3.6/site-packages/flask/templating.py", line 85, in _get_source_fast
    raise TemplateNotFound(template)
jinja2.exceptions.TemplateNotFound: prediction.html
2019-07-19 19:02:44,869 INFO: Hermes startup [in /Users/LarryBliss/PycharmProjects/Hermes_Prediction/app/__init__.py:115]
